<?xml version="1.0" encoding="UTF-8"?>
<testng-results skipped="0" failed="0" ignored="0" total="1" passed="1">
  <reporter-output>
  </reporter-output>
  <suite name="Default suite" duration-ms="21031" started-at="2018-06-08T19:40:39Z" finished-at="2018-06-08T19:41:00Z">
    <groups>
    </groups>
    <test name="Default test" duration-ms="21031" started-at="2018-06-08T19:40:39Z" finished-at="2018-06-08T19:41:00Z">
      <class name="myfirstTestNGpackage.myfirstTesNgfile">
        <test-method status="PASS" signature="beforeTest()[pri:0, instance:myfirstTestNGpackage.myfirstTesNgfile@27a8c74e]" name="beforeTest" is-config="true" duration-ms="11241" started-at="2018-06-08T19:40:39Z" finished-at="2018-06-08T19:40:51Z">
          <reporter-output>
          </reporter-output>
        </test-method> <!-- beforeTest -->
        <test-method status="PASS" signature="beforeMethod()[pri:0, instance:myfirstTestNGpackage.myfirstTesNgfile@27a8c74e]" name="beforeMethod" is-config="true" duration-ms="0" started-at="2018-06-08T19:40:51Z" finished-at="2018-06-08T19:40:51Z">
          <reporter-output>
          </reporter-output>
        </test-method> <!-- beforeMethod -->
        <test-method status="PASS" signature="f()[pri:0, instance:myfirstTestNGpackage.myfirstTesNgfile@27a8c74e]" name="f" duration-ms="8758" started-at="2018-06-08T19:40:51Z" finished-at="2018-06-08T19:40:59Z">
          <reporter-output>
          </reporter-output>
        </test-method> <!-- f -->
        <test-method status="PASS" signature="afterTest()[pri:0, instance:myfirstTestNGpackage.myfirstTesNgfile@27a8c74e]" name="afterTest" is-config="true" duration-ms="993" started-at="2018-06-08T19:41:00Z" finished-at="2018-06-08T19:41:00Z">
          <reporter-output>
          </reporter-output>
        </test-method> <!-- afterTest -->
      </class> <!-- myfirstTestNGpackage.myfirstTesNgfile -->
    </test> <!-- Default test -->
  </suite> <!-- Default suite -->
</testng-results>
