<?xml version="1.0" encoding="UTF-8"?>
<testng-results skipped="0" failed="0" ignored="0" total="1" passed="1">
  <reporter-output>
  </reporter-output>
  <suite name="Default suite" duration-ms="35814" started-at="2018-06-28T21:31:19Z" finished-at="2018-06-28T21:31:55Z">
    <groups>
    </groups>
    <test name="Default test" duration-ms="35814" started-at="2018-06-28T21:31:19Z" finished-at="2018-06-28T21:31:55Z">
      <class name="Array.singleDimensionExcelRead">
        <test-method status="PASS" signature="beforeTest()[pri:0, instance:Array.singleDimensionExcelRead@4232c52b]" name="beforeTest" is-config="true" duration-ms="16652" started-at="2018-06-28T21:31:19Z" finished-at="2018-06-28T21:31:35Z">
          <reporter-output>
          </reporter-output>
        </test-method> <!-- beforeTest -->
        <test-method status="PASS" signature="beforeClass()[pri:0, instance:Array.singleDimensionExcelRead@4232c52b]" name="beforeClass" is-config="true" duration-ms="1" started-at="2018-06-28T21:31:36Z" finished-at="2018-06-28T21:31:36Z">
          <reporter-output>
          </reporter-output>
        </test-method> <!-- beforeClass -->
        <test-method status="PASS" signature="f()[pri:0, instance:Array.singleDimensionExcelRead@4232c52b]" name="f" duration-ms="17411" started-at="2018-06-28T21:31:36Z" description="H1B case tracker" finished-at="2018-06-28T21:31:53Z">
          <reporter-output>
          </reporter-output>
        </test-method> <!-- f -->
        <test-method status="PASS" signature="afterTest()[pri:0, instance:Array.singleDimensionExcelRead@4232c52b]" name="afterTest" is-config="true" duration-ms="1660" started-at="2018-06-28T21:31:53Z" finished-at="2018-06-28T21:31:55Z">
          <reporter-output>
          </reporter-output>
        </test-method> <!-- afterTest -->
      </class> <!-- Array.singleDimensionExcelRead -->
    </test> <!-- Default test -->
  </suite> <!-- Default suite -->
</testng-results>
